
2024/08/09 (22:43:51) | ===> btop++ v.1.3.2
2024/08/09 (22:43:51) | INFO: Logger set to INFO
2024/08/09 (22:43:51) | INFO: Logger set to DEBUG
2024/08/09 (22:43:52) | INFO: Logger set to INFO
2024/08/09 (22:43:53) | INFO: Logger set to DEBUG
2024/08/09 (22:43:55) | INFO: Logger set to DEBUG
2024/08/09 (22:43:56) | INFO: Logger set to INFO
2024/08/09 (22:43:59) | INFO: Logger set to DEBUG
2024/08/09 (22:44:00) | INFO: Logger set to DEBUG
2024/08/09 (22:44:18) | DEBUG: Writing new config file
2024/08/09 (22:44:18) | INFO: Quitting! Runtime: 00:05:05

2024/08/09 (23:11:28) | ===> btop++ v.1.3.2
2024/08/09 (23:11:28) | INFO: Logger set to DEBUG
2024/08/09 (23:11:28) | DEBUG: Using locale en_US.UTF-8

2024/08/09 (23:11:31) | ===> btop++ v.1.3.2
2024/08/09 (23:11:31) | INFO: Logger set to DEBUG
2024/08/09 (23:11:31) | DEBUG: Using locale en_US.UTF-8

2024/08/09 (23:12:59) | ===> btop++ v.1.3.2
2024/08/09 (23:12:59) | INFO: Logger set to DEBUG
2024/08/09 (23:12:59) | DEBUG: Using locale en_US.UTF-8
2024/08/09 (23:12:59) | INFO: Running on /dev/pts/1
2024/08/09 (23:12:59) | DEBUG: Shared::init() : Initialized.
2024/08/09 (23:12:59) | DEBUG: Loading theme file: /usr/local/share/btop/themes/gruvbox_dark.theme
2024/08/09 (23:13:21) | INFO: Quitting! Runtime: 00:00:22

2024/08/10 (07:35:30) | ===> btop++ v.1.3.2
2024/08/10 (07:35:30) | INFO: Logger set to DEBUG
2024/08/10 (07:35:30) | DEBUG: Using locale en_US.UTF-8
2024/08/10 (07:35:30) | INFO: Running on /dev/pts/2
2024/08/10 (07:35:30) | DEBUG: Shared::init() : Initialized.
2024/08/10 (07:35:30) | DEBUG: Loading theme file: /usr/local/share/btop/themes/gruvbox_dark.theme
2024/08/10 (07:36:20) | DEBUG: Writing new config file
2024/08/10 (07:36:20) | INFO: Quitting! Runtime: 00:00:50

2024/08/10 (23:41:43) | ===> btop++ v.1.3.2
2024/08/10 (23:41:43) | INFO: Logger set to DEBUG
2024/08/10 (23:41:43) | DEBUG: Using locale en_US.UTF-8
2024/08/10 (23:41:43) | INFO: Running on /dev/pts/2
2024/08/10 (23:41:43) | DEBUG: Shared::init() : Initialized.
2024/08/10 (23:41:43) | DEBUG: Loading theme file: /usr/local/share/btop/themes/gruvbox_dark.theme
2024/08/10 (23:41:48) | INFO: Quitting! Runtime: 00:00:05

2024/08/11 (23:08:02) | ===> btop++ v.1.3.2
2024/08/11 (23:08:02) | INFO: Logger set to DEBUG
2024/08/11 (23:08:02) | DEBUG: Using locale en_US.UTF-8
2024/08/11 (23:08:02) | INFO: Running on /dev/pts/2
2024/08/11 (23:08:02) | DEBUG: Shared::init() : Initialized.
2024/08/11 (23:08:02) | DEBUG: Loading theme file: /usr/local/share/btop/themes/gruvbox_dark.theme
2024/08/11 (23:15:41) | INFO: Quitting! Runtime: 00:07:39

2024/08/11 (23:41:59) | ===> btop++ v.1.3.2
2024/08/11 (23:41:59) | INFO: Logger set to DEBUG
2024/08/11 (23:41:59) | DEBUG: Using locale en_US.UTF-8
2024/08/11 (23:41:59) | INFO: Running on /dev/pts/2
2024/08/11 (23:41:59) | DEBUG: Shared::init() : Initialized.
2024/08/11 (23:41:59) | DEBUG: Loading theme file: /usr/local/share/btop/themes/gruvbox_dark.theme

2024/08/12 (22:24:16) | ===> btop++ v.1.3.2
2024/08/12 (22:24:16) | INFO: Logger set to DEBUG
2024/08/12 (22:24:16) | DEBUG: Using locale en_US.UTF-8
2024/08/12 (22:24:16) | INFO: Running on /dev/pts/2
2024/08/12 (22:24:16) | DEBUG: Shared::init() : Initialized.
2024/08/12 (22:24:16) | DEBUG: Loading theme file: /usr/local/share/btop/themes/gruvbox_dark.theme

2024/08/12 (22:37:22) | ===> btop++ v.1.3.2
2024/08/12 (22:37:22) | INFO: Logger set to DEBUG
2024/08/12 (22:37:22) | DEBUG: Using locale en_US.UTF-8
2024/08/12 (22:37:22) | INFO: Running on /dev/pts/2
2024/08/12 (22:37:22) | DEBUG: Shared::init() : Initialized.
2024/08/12 (22:37:22) | DEBUG: Loading theme file: /usr/local/share/btop/themes/gruvbox_dark.theme
2024/08/12 (22:52:44) | INFO: Quitting! Runtime: 00:15:22

2024/08/13 (00:57:14) | ===> btop++ v.1.3.2
2024/08/13 (00:57:14) | INFO: Logger set to DEBUG
2024/08/13 (00:57:14) | DEBUG: Using locale en_US.UTF-8
2024/08/13 (00:57:14) | INFO: Running on /dev/pts/2
2024/08/13 (00:57:14) | DEBUG: Shared::init() : Initialized.
2024/08/13 (00:57:14) | DEBUG: Loading theme file: /usr/local/share/btop/themes/gruvbox_dark.theme
2024/08/13 (00:57:19) | INFO: Quitting! Runtime: 00:00:05

2024/08/14 (22:16:25) | ===> btop++ v.1.3.2
2024/08/14 (22:16:25) | INFO: Logger set to DEBUG
2024/08/14 (22:16:25) | DEBUG: Using locale en_US.UTF-8
2024/08/14 (22:16:25) | INFO: Running on /dev/pts/1
2024/08/14 (22:16:25) | DEBUG: Shared::init() : Initialized.
2024/08/14 (22:16:25) | DEBUG: Loading theme file: /usr/local/share/btop/themes/gruvbox_dark.theme
2024/08/14 (22:17:42) | INFO: Quitting! Runtime: 00:01:17

2024/08/16 (00:51:36) | ===> btop++ v.1.3.2
2024/08/16 (00:51:36) | INFO: Logger set to DEBUG
2024/08/16 (00:51:36) | DEBUG: Using locale en_US.UTF-8
2024/08/16 (00:51:36) | INFO: Running on /dev/pts/0
2024/08/16 (00:51:36) | DEBUG: Shared::init() : Initialized.
2024/08/16 (00:51:36) | DEBUG: Loading theme file: /usr/local/share/btop/themes/gruvbox_dark.theme
2024/08/16 (00:52:17) | INFO: Quitting! Runtime: 00:00:41
