brightnessctl
cava
celluloid
cliphist
dunst
eza
fastfetch
firefox
gammastep
git
gnome-themes-extra
grimshot
gruvbox-plus-icon-theme-git
gst-plugin-pipewire
gtk-engine-murrine
imv
kitty
kvantum
murrine-engine
network-manager-applet
networkmanager
nwg-look
otf-font-awesome
pipewire
pipewire-pulse
pwvucontrol
qt5-wayland
qt6-wayland
ranger
rofi-wayland
sassc
slurp
spicetify-cli
spotify-launcher
swayfx
swayidle
swaylock-effects
swww
ttf-cascadia-code-nerd
tty-clock
waybar
waybar-updates
wlogout
xdg-desktop-portal-wlr
xorg-xdpyinfo
xorg-xwayland
zsh
