brightnessctl
cava
celluloid
cliphist
dunst
eza
fastfetch
firefox
gammastep
gnome-keyring
grimshot
gst-plugin-pipewire
gtk-engine-murrine
gufw
imagemagick
imv
kitty
kvantum
neovim
network-manager-applet
networkmanager
networkmanager-openvpn
nwg-look
otf-font-awesome
pipewire
pipewire-pulse
pwvucontrol
qt5-wayland
qt6-wayland
ranger
rofi-wayland
sassc
slurp
spotify-launcher
swayfx
swayidle
swaylock-effects
swww
ttf-cascadia-code-nerd
ttf-miracode
tty-clock
unzip
vimix-cursors
waybar
waybar-updates
wlogout
xdg-desktop-portal-wlr
xdg-user-dirs
xorg-xdpyinfo
xorg-xwayland
zsh
